Using pre-set license
Built from '2020.3/release' branch; Version is '2020.3.1f1 (77a89f25062f) revision 7841951'; Using compiler version '192528614'; Build Type 'Release'
OS: 'Windows 10 Pro; OS build 19042.928; Version 2009; 64bit' Language: 'ru' Physical Memory: 5611 MB
BatchMode: 1, IsHumanControllingUs: 0, StartBugReporterOnCrash: 0, Is64bit: 1, IsPro: 0

 COMMAND LINE ARGUMENTS:
C:\Program Files\Unity\Hub\Editor\2020.3.1f1\Editor\Unity.exe
-adb2
-batchMode
-noUpm
-name
AssetImportWorker3
-projectPath
E:/Ynity/Potencia/Molot_Tora
-logFile
Logs/AssetImportWorker3.log
-srvPort
57165
Successfully changed project path to: E:/Ynity/Potencia/Molot_Tora
E:/Ynity/Potencia/Molot_Tora
Using Asset Import Pipeline V2.
Refreshing native plugins compatible for Editor in 105.53 ms, found 0 plugins.
Preloading 0 native plugins for Editor in 0.00 ms.
Initialize engine version: 2020.3.1f1 (77a89f25062f)
[Subsystems] Discovering subsystems at path C:/Program Files/Unity/Hub/Editor/2020.3.1f1/Editor/Data/Resources/UnitySubsystems
[Subsystems] Discovering subsystems at path E:/Ynity/Potencia/Molot_Tora/Assets
GfxDevice: creating device client; threaded=0
Direct3D:
    Version:  Direct3D 11.0 [level 11.0]
    Renderer: AMD Radeon HD 6520G (ID=0x9647)
    Vendor:   
    VRAM:     1507 MB
    Driver:   15.200.1062.1004
Initialize mono
Mono path[0] = 'C:/Program Files/Unity/Hub/Editor/2020.3.1f1/Editor/Data/Managed'
Mono path[1] = 'C:/Program Files/Unity/Hub/Editor/2020.3.1f1/Editor/Data/MonoBleedingEdge/lib/mono/unityjit'
Mono config path = 'C:/Program Files/Unity/Hub/Editor/2020.3.1f1/Editor/Data/MonoBleedingEdge/etc'
Using monoOptions --debugger-agent=transport=dt_socket,embedding=1,server=y,suspend=n,address=127.0.0.1:56964
Begin MonoManager ReloadAssembly
Registering precompiled unity dll's ...
Register platform support module: C:/Program Files/Unity/Hub/Editor/2020.3.1f1/Editor/Data/PlaybackEngines/WindowsStandaloneSupport/UnityEditor.WindowsStandalone.Extensions.dll
Registered in 0.006177 seconds.
Native extension for WindowsStandalone target not found
Refreshing native plugins compatible for Editor in 81.71 ms, found 0 plugins.
Preloading 0 native plugins for Editor in 0.00 ms.
Invoked RoslynAnalysisRunner static constructor.
RoslynAnalysisRunner will not be running.
RoslynAnalysisRunner has terminated.
Mono: successfully reloaded assembly
- Completed reload, in  7.192 seconds
Platform modules already initialized, skipping
Registering precompiled user dll's ...
Registered in 0.001550 seconds.
Begin MonoManager ReloadAssembly
Native extension for WindowsStandalone target not found
Refreshing native plugins compatible for Editor in 0.59 ms, found 0 plugins.
Preloading 0 native plugins for Editor in 0.00 ms.
Invoked RoslynAnalysisRunner static constructor.
RoslynAnalysisRunner will not be running.
RoslynAnalysisRunner has terminated.
Mono: successfully reloaded assembly
- Completed reload, in  3.497 seconds
Platform modules already initialized, skipping
========================================================================
Worker process is ready to serve import requests
Launched and connected shader compiler UnityShaderCompiler.exe after 0.37 seconds
Refreshing native plugins compatible for Editor in 0.59 ms, found 0 plugins.
Preloading 0 native plugins for Editor in 0.00 ms.
Unloading 1124 Unused Serialized files (Serialized files now loaded: 0)
System memory in use before: 78.5 MB.
System memory in use after: 78.6 MB.

Unloading 9 unused Assets to reduce memory usage. Loaded Objects now: 1597.
Total: 8.966223 ms (FindLiveObjects: 1.516534 ms CreateObjectMapping: 0.398444 ms MarkObjects: 6.793112 ms  DeleteObjects: 0.247378 ms)

========================================================================
Received Import Request.
  path: Assets/Sprites/coin_PNG36868.png
  artifactKey: Guid(d61551ce586423049bc4e64b9350ba0b) Importer(815301076,1909f56bfc062723c751e8b465ee728b)
Start importing Assets/Sprites/coin_PNG36868.png using Guid(d61551ce586423049bc4e64b9350ba0b) Importer(815301076,1909f56bfc062723c751e8b465ee728b)  -> (artifact id: '4d01f4bd08baa532375587e0acfd2ccc') in 0.319537 seconds
  Import took 0.324389 seconds .

========================================================================
Received Import Request.
  Time since last request: 1067.278653 seconds.
  path: Assets/Prefabs/Coin.prefab
  artifactKey: Guid(a1cadaca61539b94ea1c81a6d26974df) Importer(815301076,1909f56bfc062723c751e8b465ee728b)
Start importing Assets/Prefabs/Coin.prefab using Guid(a1cadaca61539b94ea1c81a6d26974df) Importer(815301076,1909f56bfc062723c751e8b465ee728b)  -> (artifact id: '8336682b8288699704735b00cc831061') in 0.510607 seconds
  Import took 0.521023 seconds .

========================================================================
Received Import Request.
  Time since last request: 52.710138 seconds.
  path: Assets/Prefabs/Coin.prefab
  artifactKey: Guid(a1cadaca61539b94ea1c81a6d26974df) Importer(815301076,1909f56bfc062723c751e8b465ee728b)
Start importing Assets/Prefabs/Coin.prefab using Guid(a1cadaca61539b94ea1c81a6d26974df) Importer(815301076,1909f56bfc062723c751e8b465ee728b)  -> (artifact id: '4d485555ab5fbb744b26c81bc2e5d2e9') in 0.050278 seconds
  Import took 0.062874 seconds .

========================================================================
Received Import Request.
  Time since last request: 15.616780 seconds.
  path: Assets/Materials/photo_2021-04-26_00-34-23.mat
  artifactKey: Guid(3fdaac5a760b30446ac30116c3551169) Importer(815301076,1909f56bfc062723c751e8b465ee728b)
Start importing Assets/Materials/photo_2021-04-26_00-34-23.mat using Guid(3fdaac5a760b30446ac30116c3551169) Importer(815301076,1909f56bfc062723c751e8b465ee728b)  -> (artifact id: '553802652c44d2983d3e4de421bc0c4e') in 0.337078 seconds
  Import took 0.342049 seconds .

========================================================================
Received Import Request.
  Time since last request: 22.586943 seconds.
  path: Assets/Prefabs/Coin.prefab
  artifactKey: Guid(a1cadaca61539b94ea1c81a6d26974df) Importer(815301076,1909f56bfc062723c751e8b465ee728b)
Start importing Assets/Prefabs/Coin.prefab using Guid(a1cadaca61539b94ea1c81a6d26974df) Importer(815301076,1909f56bfc062723c751e8b465ee728b)  -> (artifact id: '2c4fe302af350a16e2157c8de5ca00c3') in 0.083733 seconds
  Import took 0.090649 seconds .

========================================================================
Received Import Request.
  Time since last request: 3.975145 seconds.
  path: Assets/Prefabs/Coin.prefab
  artifactKey: Guid(a1cadaca61539b94ea1c81a6d26974df) Importer(815301076,1909f56bfc062723c751e8b465ee728b)
Start importing Assets/Prefabs/Coin.prefab using Guid(a1cadaca61539b94ea1c81a6d26974df) Importer(815301076,1909f56bfc062723c751e8b465ee728b)  -> (artifact id: '4e1b9337c7ca6fd2ae2134a2253d5bc8') in 0.059048 seconds
  Import took 0.070365 seconds .

========================================================================
Received Import Request.
  Time since last request: 321.801381 seconds.
  path: Assets/Prefabs/Coin.prefab
  artifactKey: Guid(a1cadaca61539b94ea1c81a6d26974df) Importer(815301076,1909f56bfc062723c751e8b465ee728b)
Start importing Assets/Prefabs/Coin.prefab using Guid(a1cadaca61539b94ea1c81a6d26974df) Importer(815301076,1909f56bfc062723c751e8b465ee728b)  -> (artifact id: '3276706c2dda9b1a03609d038846635b') in 0.052047 seconds
  Import took 0.059316 seconds .

========================================================================
Received Import Request.
  Time since last request: 38.812242 seconds.
  path: ProjectSettings/TagManager.asset
  artifactKey: Guid(00000000000000003000000000000000) Importer(815301076,1909f56bfc062723c751e8b465ee728b)
Start importing ProjectSettings/TagManager.asset using Guid(00000000000000003000000000000000) Importer(815301076,1909f56bfc062723c751e8b465ee728b)  -> (artifact id: '2df5f933d5bea413e47ad92a3fba851d') in 0.019687 seconds
  Import took 0.027876 seconds .

========================================================================
Received Import Request.
  Time since last request: 0.003980 seconds.
  path: ProjectSettings/TagManager.asset
  artifactKey: Guid(00000000000000003000000000000000) Importer(815301076,1909f56bfc062723c751e8b465ee728b)
Start importing ProjectSettings/TagManager.asset using Guid(00000000000000003000000000000000) Importer(815301076,1909f56bfc062723c751e8b465ee728b)  -> (artifact id: '2df5f933d5bea413e47ad92a3fba851d') in 0.009248 seconds
  Import took 0.021075 seconds .

========================================================================
Received Import Request.
  Time since last request: 12.387288 seconds.
  path: Assets/Prefabs/Coin.prefab
  artifactKey: Guid(a1cadaca61539b94ea1c81a6d26974df) Importer(815301076,1909f56bfc062723c751e8b465ee728b)
Start importing Assets/Prefabs/Coin.prefab using Guid(a1cadaca61539b94ea1c81a6d26974df) Importer(815301076,1909f56bfc062723c751e8b465ee728b)  -> (artifact id: '91aa224dd1d6df66810695174e5b52f1') in 0.078226 seconds
  Import took 0.085904 seconds .

========================================================================
Received Prepare
Registering precompiled user dll's ...
Registered in 0.001500 seconds.
Begin MonoManager ReloadAssembly
Native extension for WindowsStandalone target not found
Refreshing native plugins compatible for Editor in 0.61 ms, found 0 plugins.
Preloading 0 native plugins for Editor in 0.00 ms.
Invoked RoslynAnalysisRunner static constructor.
RoslynAnalysisRunner will not be running.
RoslynAnalysisRunner has terminated.
Mono: successfully reloaded assembly
- Completed reload, in  4.226 seconds
Platform modules already initialized, skipping
Switching build target platform(5) subTarget(0) extendedPlatform(0) -> platform(13) subTarget(537395200) extendedPlatform(0)
Refreshing native plugins compatible for Editor in 0.63 ms, found 0 plugins.
Preloading 0 native plugins for Editor in 0.00 ms.
Unloading 1122 Unused Serialized files (Serialized files now loaded: 0)
System memory in use before: 81.3 MB.
System memory in use after: 81.3 MB.

Unloading 9 unused Assets to reduce memory usage. Loaded Objects now: 1642.
Total: 5.421290 ms (FindLiveObjects: 0.589600 ms CreateObjectMapping: 0.085067 ms MarkObjects: 4.519778 ms  DeleteObjects: 0.215111 ms)

AssetImportParameters requested are different than current active one (requested -> active):
  custom:graphics/normal-map-encoding: 01000000000000000000000000000000 -> 02000000000000000000000000000000
========================================================================
Received Prepare
Registering precompiled user dll's ...
Registered in 0.001650 seconds.
Begin MonoManager ReloadAssembly
Native extension for WindowsStandalone target not found
Refreshing native plugins compatible for Editor in 0.62 ms, found 0 plugins.
Preloading 0 native plugins for Editor in 0.00 ms.
Invoked RoslynAnalysisRunner static constructor.
RoslynAnalysisRunner will not be running.
RoslynAnalysisRunner has terminated.
Mono: successfully reloaded assembly
- Completed reload, in  3.823 seconds
Platform modules already initialized, skipping
Switching build target platform(5) subTarget(0) extendedPlatform(0) -> platform(13) subTarget(537395200) extendedPlatform(0)
Refreshing native plugins compatible for Editor in 0.62 ms, found 0 plugins.
Preloading 0 native plugins for Editor in 0.00 ms.
Unloading 1122 Unused Serialized files (Serialized files now loaded: 0)
System memory in use before: 81.3 MB.
System memory in use after: 81.3 MB.

Unloading 5 unused Assets to reduce memory usage. Loaded Objects now: 1645.
Total: 5.824134 ms (FindLiveObjects: 0.524578 ms CreateObjectMapping: 0.128089 ms MarkObjects: 4.928490 ms  DeleteObjects: 0.231733 ms)

AssetImportParameters requested are different than current active one (requested -> active):
  custom:graphics/normal-map-encoding: 01000000000000000000000000000000 -> 02000000000000000000000000000000
========================================================================
Received Prepare
Registering precompiled user dll's ...
Registered in 0.001627 seconds.
Begin MonoManager ReloadAssembly
Native extension for WindowsStandalone target not found
Refreshing native plugins compatible for Editor in 0.91 ms, found 0 plugins.
Preloading 0 native plugins for Editor in 0.00 ms.
Invoked RoslynAnalysisRunner static constructor.
RoslynAnalysisRunner will not be running.
RoslynAnalysisRunner has terminated.
Mono: successfully reloaded assembly
- Completed reload, in  4.038 seconds
Platform modules already initialized, skipping
Switching build target platform(5) subTarget(0) extendedPlatform(0) -> platform(13) subTarget(537395200) extendedPlatform(0)
Refreshing native plugins compatible for Editor in 1.55 ms, found 0 plugins.
Preloading 0 native plugins for Editor in 0.00 ms.
Unloading 1122 Unused Serialized files (Serialized files now loaded: 0)
System memory in use before: 81.3 MB.
System memory in use after: 81.4 MB.

Unloading 5 unused Assets to reduce memory usage. Loaded Objects now: 1648.
Total: 8.602979 ms (FindLiveObjects: 0.767067 ms CreateObjectMapping: 0.449289 ms MarkObjects: 6.331112 ms  DeleteObjects: 1.043778 ms)

AssetImportParameters requested are different than current active one (requested -> active):
  custom:graphics/normal-map-encoding: 01000000000000000000000000000000 -> 02000000000000000000000000000000
========================================================================
Received Import Request.
  Time since last request: 562.783242 seconds.
  path: Assets/Prefabs/Coin.prefab
  artifactKey: Guid(a1cadaca61539b94ea1c81a6d26974df) Importer(815301076,1909f56bfc062723c751e8b465ee728b)
Start importing Assets/Prefabs/Coin.prefab using Guid(a1cadaca61539b94ea1c81a6d26974df) Importer(815301076,1909f56bfc062723c751e8b465ee728b)  -> (artifact id: 'a95ecabd22d255835ca25004d3897404') in 0.258033 seconds
  Import took 0.264696 seconds .

========================================================================
Received Prepare
Registering precompiled user dll's ...
Registered in 0.001645 seconds.
Begin MonoManager ReloadAssembly
Native extension for WindowsStandalone target not found
Refreshing native plugins compatible for Editor in 0.57 ms, found 0 plugins.
Preloading 0 native plugins for Editor in 0.00 ms.
Invoked RoslynAnalysisRunner static constructor.
RoslynAnalysisRunner will not be running.
RoslynAnalysisRunner has terminated.
Mono: successfully reloaded assembly
- Completed reload, in  4.559 seconds
Platform modules already initialized, skipping
Switching build target platform(5) subTarget(0) extendedPlatform(0) -> platform(13) subTarget(537395200) extendedPlatform(0)
Refreshing native plugins compatible for Editor in 0.58 ms, found 0 plugins.
Preloading 0 native plugins for Editor in 0.00 ms.
Unloading 1123 Unused Serialized files (Serialized files now loaded: 0)
System memory in use before: 81.3 MB.
System memory in use after: 81.4 MB.

Unloading 5 unused Assets to reduce memory usage. Loaded Objects now: 1653.
Total: 7.110401 ms (FindLiveObjects: 0.583245 ms CreateObjectMapping: 0.269867 ms MarkObjects: 5.997201 ms  DeleteObjects: 0.248844 ms)

AssetImportParameters requested are different than current active one (requested -> active):
  custom:graphics/normal-map-encoding: 01000000000000000000000000000000 -> 02000000000000000000000000000000
========================================================================
Received Import Request.
  Time since last request: 65.040614 seconds.
  path: Assets/Prefabs/Coin.prefab
  artifactKey: Guid(a1cadaca61539b94ea1c81a6d26974df) Importer(815301076,1909f56bfc062723c751e8b465ee728b)
Start importing Assets/Prefabs/Coin.prefab using Guid(a1cadaca61539b94ea1c81a6d26974df) Importer(815301076,1909f56bfc062723c751e8b465ee728b)  -> (artifact id: 'fe196c3121a37c6c3c6e27e1c41d70f0') in 0.360495 seconds
  Import took 0.370561 seconds .

========================================================================
Received Prepare
Registering precompiled user dll's ...
Registered in 0.004178 seconds.
Begin MonoManager ReloadAssembly
Native extension for WindowsStandalone target not found
Refreshing native plugins compatible for Editor in 0.85 ms, found 0 plugins.
Preloading 0 native plugins for Editor in 0.00 ms.
Invoked RoslynAnalysisRunner static constructor.
RoslynAnalysisRunner will not be running.
RoslynAnalysisRunner has terminated.
Mono: successfully reloaded assembly
- Completed reload, in  3.779 seconds
Platform modules already initialized, skipping
Switching build target platform(5) subTarget(0) extendedPlatform(0) -> platform(13) subTarget(537395200) extendedPlatform(0)
Refreshing native plugins compatible for Editor in 0.58 ms, found 0 plugins.
Preloading 0 native plugins for Editor in 0.00 ms.
Unloading 1123 Unused Serialized files (Serialized files now loaded: 0)
System memory in use before: 81.3 MB.
System memory in use after: 81.4 MB.

Unloading 5 unused Assets to reduce memory usage. Loaded Objects now: 1657.
Total: 7.197912 ms (FindLiveObjects: 0.749956 ms CreateObjectMapping: 0.176000 ms MarkObjects: 6.017734 ms  DeleteObjects: 0.244444 ms)

AssetImportParameters requested are different than current active one (requested -> active):
  custom:graphics/normal-map-encoding: 01000000000000000000000000000000 -> 02000000000000000000000000000000
========================================================================
Received Import Request.
  Time since last request: 28.039323 seconds.
  path: Assets/Scripts/CoinsScript.cs
  artifactKey: Guid(20c2d251fa8fec34fa6bdd0a4c00d687) Importer(815301076,1909f56bfc062723c751e8b465ee728b)
Start importing Assets/Scripts/CoinsScript.cs using Guid(20c2d251fa8fec34fa6bdd0a4c00d687) Importer(815301076,1909f56bfc062723c751e8b465ee728b)  -> (artifact id: '3a8f8ea3856c46ed9094f70baf051443') in 0.140388 seconds
  Import took 0.146786 seconds .

========================================================================
Received Prepare
Registering precompiled user dll's ...
Registered in 0.001333 seconds.
Begin MonoManager ReloadAssembly
Native extension for WindowsStandalone target not found
Refreshing native plugins compatible for Editor in 0.79 ms, found 0 plugins.
Preloading 0 native plugins for Editor in 0.00 ms.
Invoked RoslynAnalysisRunner static constructor.
RoslynAnalysisRunner will not be running.
RoslynAnalysisRunner has terminated.
Mono: successfully reloaded assembly
- Completed reload, in  3.440 seconds
Platform modules already initialized, skipping
Switching build target platform(5) subTarget(0) extendedPlatform(0) -> platform(13) subTarget(537395200) extendedPlatform(0)
Refreshing native plugins compatible for Editor in 0.57 ms, found 0 plugins.
Preloading 0 native plugins for Editor in 0.00 ms.
Unloading 1123 Unused Serialized files (Serialized files now loaded: 0)
System memory in use before: 81.3 MB.
System memory in use after: 81.4 MB.

Unloading 5 unused Assets to reduce memory usage. Loaded Objects now: 1660.
Total: 8.419157 ms (FindLiveObjects: 0.543645 ms CreateObjectMapping: 0.422889 ms MarkObjects: 7.164668 ms  DeleteObjects: 0.278178 ms)

AssetImportParameters requested are different than current active one (requested -> active):
  custom:graphics/normal-map-encoding: 01000000000000000000000000000000 -> 02000000000000000000000000000000
========================================================================
Received Import Request.
  Time since last request: 166.772899 seconds.
  path: Assets/Scripts/CoinsScript.cs
  artifactKey: Guid(20c2d251fa8fec34fa6bdd0a4c00d687) Importer(815301076,1909f56bfc062723c751e8b465ee728b)
Start importing Assets/Scripts/CoinsScript.cs using Guid(20c2d251fa8fec34fa6bdd0a4c00d687) Importer(815301076,1909f56bfc062723c751e8b465ee728b)  -> (artifact id: '974251d66eb1a9d42be8a5e8b1aac426') in 0.011098 seconds
  Import took 0.016929 seconds .

========================================================================
Received Import Request.
  Time since last request: 5.416281 seconds.
  path: Assets/Scripts/CoinsScript.cs
  artifactKey: Guid(20c2d251fa8fec34fa6bdd0a4c00d687) Importer(815301076,1909f56bfc062723c751e8b465ee728b)
Start importing Assets/Scripts/CoinsScript.cs using Guid(20c2d251fa8fec34fa6bdd0a4c00d687) Importer(815301076,1909f56bfc062723c751e8b465ee728b)  -> (artifact id: '974251d66eb1a9d42be8a5e8b1aac426') in 0.003511 seconds
  Import took 0.008462 seconds .

========================================================================
Received Prepare
Registering precompiled user dll's ...
Registered in 0.001349 seconds.
Begin MonoManager ReloadAssembly
Native extension for WindowsStandalone target not found
Refreshing native plugins compatible for Editor in 0.68 ms, found 0 plugins.
Preloading 0 native plugins for Editor in 0.00 ms.
Invoked RoslynAnalysisRunner static constructor.
RoslynAnalysisRunner will not be running.
RoslynAnalysisRunner has terminated.
Mono: successfully reloaded assembly
- Completed reload, in  3.370 seconds
Platform modules already initialized, skipping
Switching build target platform(5) subTarget(0) extendedPlatform(0) -> platform(13) subTarget(537395200) extendedPlatform(0)
Refreshing native plugins compatible for Editor in 0.71 ms, found 0 plugins.
Preloading 0 native plugins for Editor in 0.00 ms.
Unloading 1123 Unused Serialized files (Serialized files now loaded: 0)
System memory in use before: 81.4 MB.
System memory in use after: 81.4 MB.

Unloading 5 unused Assets to reduce memory usage. Loaded Objects now: 1663.
Total: 6.311556 ms (FindLiveObjects: 0.651200 ms CreateObjectMapping: 0.156933 ms MarkObjects: 5.204712 ms  DeleteObjects: 0.286489 ms)

AssetImportParameters requested are different than current active one (requested -> active):
  custom:graphics/normal-map-encoding: 01000000000000000000000000000000 -> 02000000000000000000000000000000
========================================================================
Received Import Request.
  Time since last request: 30.898617 seconds.
  path: Assets/Scripts/Player.cs
  artifactKey: Guid(dfb54dd5319508140b8895f5d1297bb5) Importer(815301076,1909f56bfc062723c751e8b465ee728b)
Start importing Assets/Scripts/Player.cs using Guid(dfb54dd5319508140b8895f5d1297bb5) Importer(815301076,1909f56bfc062723c751e8b465ee728b)  -> (artifact id: '8739e32ab61a3ab8b3b422879bea1454') in 0.009658 seconds
  Import took 0.015421 seconds .

========================================================================
Received Prepare
Registering precompiled user dll's ...
Registered in 0.002131 seconds.
Begin MonoManager ReloadAssembly
Native extension for WindowsStandalone target not found
Refreshing native plugins compatible for Editor in 0.70 ms, found 0 plugins.
Preloading 0 native plugins for Editor in 0.00 ms.
Invoked RoslynAnalysisRunner static constructor.
RoslynAnalysisRunner will not be running.
RoslynAnalysisRunner has terminated.
Mono: successfully reloaded assembly
- Completed reload, in  4.975 seconds
Platform modules already initialized, skipping
Switching build target platform(5) subTarget(0) extendedPlatform(0) -> platform(13) subTarget(537395200) extendedPlatform(0)
Refreshing native plugins compatible for Editor in 0.92 ms, found 0 plugins.
Preloading 0 native plugins for Editor in 0.00 ms.
Unloading 1123 Unused Serialized files (Serialized files now loaded: 0)
System memory in use before: 81.4 MB.
System memory in use after: 81.4 MB.

Unloading 5 unused Assets to reduce memory usage. Loaded Objects now: 1666.
Total: 7.505423 ms (FindLiveObjects: 0.736756 ms CreateObjectMapping: 0.201911 ms MarkObjects: 6.346756 ms  DeleteObjects: 0.209244 ms)

AssetImportParameters requested are different than current active one (requested -> active):
  custom:graphics/normal-map-encoding: 01000000000000000000000000000000 -> 02000000000000000000000000000000
AssetImportWorkerClient::OnTransportError - code=2 error=End of file
