Using pre-set license
Built from '2020.3/release' branch; Version is '2020.3.1f1 (77a89f25062f) revision 7841951'; Using compiler version '192528614'; Build Type 'Release'
OS: 'Windows 10 Pro; OS build 19042.928; Version 2009; 64bit' Language: 'ru' Physical Memory: 5611 MB
BatchMode: 1, IsHumanControllingUs: 0, StartBugReporterOnCrash: 0, Is64bit: 1, IsPro: 0

 COMMAND LINE ARGUMENTS:
C:\Program Files\Unity\Hub\Editor\2020.3.1f1\Editor\Unity.exe
-adb2
-batchMode
-noUpm
-name
AssetImportWorker2
-projectPath
E:/Ynity/Potencia/Molot_Tora
-logFile
Logs/AssetImportWorker2.log
-srvPort
56779
Successfully changed project path to: E:/Ynity/Potencia/Molot_Tora
E:/Ynity/Potencia/Molot_Tora
Using Asset Import Pipeline V2.
Refreshing native plugins compatible for Editor in 89.78 ms, found 0 plugins.
Preloading 0 native plugins for Editor in 0.00 ms.
Initialize engine version: 2020.3.1f1 (77a89f25062f)
[Subsystems] Discovering subsystems at path C:/Program Files/Unity/Hub/Editor/2020.3.1f1/Editor/Data/Resources/UnitySubsystems
[Subsystems] Discovering subsystems at path E:/Ynity/Potencia/Molot_Tora/Assets
GfxDevice: creating device client; threaded=0
Direct3D:
    Version:  Direct3D 11.0 [level 11.0]
    Renderer: AMD Radeon HD 6520G (ID=0x9647)
    Vendor:   
    VRAM:     1507 MB
    Driver:   15.200.1062.1004
Initialize mono
Mono path[0] = 'C:/Program Files/Unity/Hub/Editor/2020.3.1f1/Editor/Data/Managed'
Mono path[1] = 'C:/Program Files/Unity/Hub/Editor/2020.3.1f1/Editor/Data/MonoBleedingEdge/lib/mono/unityjit'
Mono config path = 'C:/Program Files/Unity/Hub/Editor/2020.3.1f1/Editor/Data/MonoBleedingEdge/etc'
Using monoOptions --debugger-agent=transport=dt_socket,embedding=1,server=y,suspend=n,address=127.0.0.1:56624
Begin MonoManager ReloadAssembly
Registering precompiled unity dll's ...
Register platform support module: C:/Program Files/Unity/Hub/Editor/2020.3.1f1/Editor/Data/PlaybackEngines/WindowsStandaloneSupport/UnityEditor.WindowsStandalone.Extensions.dll
Registered in 0.005852 seconds.
Native extension for WindowsStandalone target not found
Refreshing native plugins compatible for Editor in 84.93 ms, found 0 plugins.
Preloading 0 native plugins for Editor in 0.00 ms.
Invoked RoslynAnalysisRunner static constructor.
RoslynAnalysisRunner will not be running.
RoslynAnalysisRunner has terminated.
Mono: successfully reloaded assembly
- Completed reload, in  6.205 seconds
Platform modules already initialized, skipping
Registering precompiled user dll's ...
Registered in 0.001423 seconds.
Begin MonoManager ReloadAssembly
Native extension for WindowsStandalone target not found
Refreshing native plugins compatible for Editor in 0.64 ms, found 0 plugins.
Preloading 0 native plugins for Editor in 0.00 ms.
Invoked RoslynAnalysisRunner static constructor.
RoslynAnalysisRunner will not be running.
RoslynAnalysisRunner has terminated.
Mono: successfully reloaded assembly
- Completed reload, in  3.338 seconds
Platform modules already initialized, skipping
========================================================================
Worker process is ready to serve import requests
Launched and connected shader compiler UnityShaderCompiler.exe after 0.11 seconds
Refreshing native plugins compatible for Editor in 0.63 ms, found 0 plugins.
Preloading 0 native plugins for Editor in 0.00 ms.
Unloading 1124 Unused Serialized files (Serialized files now loaded: 0)
System memory in use before: 78.5 MB.
System memory in use after: 78.6 MB.

Unloading 9 unused Assets to reduce memory usage. Loaded Objects now: 1597.
Total: 5.472134 ms (FindLiveObjects: 0.583733 ms CreateObjectMapping: 0.112444 ms MarkObjects: 4.515378 ms  DeleteObjects: 0.250800 ms)

========================================================================
Received Import Request.
  path: Assets/Prefabs/Hummer_gold.prefab
  artifactKey: Guid(4e736b05157cba74086b11a8fe1bb05d) Importer(815301076,1909f56bfc062723c751e8b465ee728b)
Start importing Assets/Prefabs/Hummer_gold.prefab using Guid(4e736b05157cba74086b11a8fe1bb05d) Importer(815301076,1909f56bfc062723c751e8b465ee728b)  -> (artifact id: '2fe2ba055d19cd32751ed05a7f1acf1c') in 0.378723 seconds
  Import took 0.383099 seconds .

========================================================================
Received Import Request.
  Time since last request: 11.230002 seconds.
  path: Assets/Prefabs/Hummer_gold.prefab
  artifactKey: Guid(4e736b05157cba74086b11a8fe1bb05d) Importer(815301076,1909f56bfc062723c751e8b465ee728b)
Start importing Assets/Prefabs/Hummer_gold.prefab using Guid(4e736b05157cba74086b11a8fe1bb05d) Importer(815301076,1909f56bfc062723c751e8b465ee728b)  -> (artifact id: '4aa337684b1ce7cf63e815cd2b1424ce') in 0.033228 seconds
  Import took 0.040504 seconds .

========================================================================
Received Import Request.
  Time since last request: 21.625363 seconds.
  path: Assets/Prefabs/Hummer_gold.prefab
  artifactKey: Guid(4e736b05157cba74086b11a8fe1bb05d) Importer(815301076,1909f56bfc062723c751e8b465ee728b)
Start importing Assets/Prefabs/Hummer_gold.prefab using Guid(4e736b05157cba74086b11a8fe1bb05d) Importer(815301076,1909f56bfc062723c751e8b465ee728b)  -> (artifact id: 'c152ed4868ac85a292486fe0d7ab06a7') in 0.030696 seconds
  Import took 0.035623 seconds .

========================================================================
Received Import Request.
  Time since last request: 0.097881 seconds.
  path: Assets/Prefabs/Hummer_gold.prefab
  artifactKey: Guid(4e736b05157cba74086b11a8fe1bb05d) Importer(815301076,1909f56bfc062723c751e8b465ee728b)
Start importing Assets/Prefabs/Hummer_gold.prefab using Guid(4e736b05157cba74086b11a8fe1bb05d) Importer(815301076,1909f56bfc062723c751e8b465ee728b)  -> (artifact id: 'c152ed4868ac85a292486fe0d7ab06a7') in 0.024496 seconds
  Import took 0.029594 seconds .

========================================================================
Received Import Request.
  Time since last request: 35.646526 seconds.
  path: Assets/Prefabs/Hummer_gold.prefab
  artifactKey: Guid(4e736b05157cba74086b11a8fe1bb05d) Importer(815301076,1909f56bfc062723c751e8b465ee728b)
Start importing Assets/Prefabs/Hummer_gold.prefab using Guid(4e736b05157cba74086b11a8fe1bb05d) Importer(815301076,1909f56bfc062723c751e8b465ee728b)  -> (artifact id: '4501d205c176c03473ac127241d15bda') in 0.074252 seconds
  Import took 0.080335 seconds .

========================================================================
Received Import Request.
  Time since last request: 484.748140 seconds.
  path: ProjectSettings/TagManager.asset
  artifactKey: Guid(00000000000000003000000000000000) Importer(815301076,1909f56bfc062723c751e8b465ee728b)
Start importing ProjectSettings/TagManager.asset using Guid(00000000000000003000000000000000) Importer(815301076,1909f56bfc062723c751e8b465ee728b)  -> (artifact id: '40662921571446343d235996499d2632') in 0.009896 seconds
  Import took 0.015109 seconds .

========================================================================
Received Import Request.
  Time since last request: 0.000908 seconds.
  path: ProjectSettings/TagManager.asset
  artifactKey: Guid(00000000000000003000000000000000) Importer(815301076,1909f56bfc062723c751e8b465ee728b)
Start importing ProjectSettings/TagManager.asset using Guid(00000000000000003000000000000000) Importer(815301076,1909f56bfc062723c751e8b465ee728b)  -> (artifact id: '40662921571446343d235996499d2632') in 0.005768 seconds
  Import took 0.010973 seconds .

========================================================================
Received Import Request.
  Time since last request: 16.104616 seconds.
  path: Assets/Prefabs/Hummer_gold.prefab
  artifactKey: Guid(4e736b05157cba74086b11a8fe1bb05d) Importer(815301076,1909f56bfc062723c751e8b465ee728b)
Start importing Assets/Prefabs/Hummer_gold.prefab using Guid(4e736b05157cba74086b11a8fe1bb05d) Importer(815301076,1909f56bfc062723c751e8b465ee728b)  -> (artifact id: 'e48402590ac6e82a5ddbc79f9c34aaae') in 0.150929 seconds
  Import took 0.156817 seconds .

========================================================================
Received Import Request.
  Time since last request: 18.417232 seconds.
  path: Assets/Scripts/Player.cs
  artifactKey: Guid(dfb54dd5319508140b8895f5d1297bb5) Importer(815301076,1909f56bfc062723c751e8b465ee728b)
Start importing Assets/Scripts/Player.cs using Guid(dfb54dd5319508140b8895f5d1297bb5) Importer(815301076,1909f56bfc062723c751e8b465ee728b)  -> (artifact id: '7e8694b69598011cc8dcc4e6f1dac67d') in 0.054794 seconds
  Import took 0.059779 seconds .

========================================================================
Received Prepare
Registering precompiled user dll's ...
Registered in 0.001356 seconds.
Begin MonoManager ReloadAssembly
Native extension for WindowsStandalone target not found
Refreshing native plugins compatible for Editor in 0.58 ms, found 0 plugins.
Preloading 0 native plugins for Editor in 0.00 ms.
Invoked RoslynAnalysisRunner static constructor.
RoslynAnalysisRunner will not be running.
RoslynAnalysisRunner has terminated.
Mono: successfully reloaded assembly
- Completed reload, in  3.210 seconds
Platform modules already initialized, skipping
Switching build target platform(5) subTarget(0) extendedPlatform(0) -> platform(13) subTarget(537395200) extendedPlatform(0)
Refreshing native plugins compatible for Editor in 0.63 ms, found 0 plugins.
Preloading 0 native plugins for Editor in 0.00 ms.
Unloading 1122 Unused Serialized files (Serialized files now loaded: 0)
System memory in use before: 81.0 MB.
System memory in use after: 81.1 MB.

Unloading 9 unused Assets to reduce memory usage. Loaded Objects now: 1607.
Total: 5.345512 ms (FindLiveObjects: 0.577867 ms CreateObjectMapping: 0.108533 ms MarkObjects: 4.392667 ms  DeleteObjects: 0.257644 ms)

AssetImportParameters requested are different than current active one (requested -> active):
  custom:graphics/normal-map-encoding: 01000000000000000000000000000000 -> 02000000000000000000000000000000
========================================================================
Received Import Request.
  Time since last request: 1035.011554 seconds.
  path: Assets/Prefabs/Hummer_gold.prefab
  artifactKey: Guid(4e736b05157cba74086b11a8fe1bb05d) Importer(815301076,1909f56bfc062723c751e8b465ee728b)
Start importing Assets/Prefabs/Hummer_gold.prefab using Guid(4e736b05157cba74086b11a8fe1bb05d) Importer(815301076,1909f56bfc062723c751e8b465ee728b)  -> (artifact id: '8937d8c845e7513b1cbb9cd6f58606e3') in 0.349704 seconds
  Import took 0.356186 seconds .

========================================================================
Received Import Request.
  Time since last request: 12.008509 seconds.
  path: Assets/Prefabs/Hummer_gold.prefab
  artifactKey: Guid(4e736b05157cba74086b11a8fe1bb05d) Importer(815301076,1909f56bfc062723c751e8b465ee728b)
Start importing Assets/Prefabs/Hummer_gold.prefab using Guid(4e736b05157cba74086b11a8fe1bb05d) Importer(815301076,1909f56bfc062723c751e8b465ee728b)  -> (artifact id: '086a1205ecca89a5b9c40383bdda8cde') in 0.032317 seconds
  Import took 0.038488 seconds .

========================================================================
Received Import Request.
  Time since last request: 9.496910 seconds.
  path: Assets/Prefabs/Hummer_gold.prefab
  artifactKey: Guid(4e736b05157cba74086b11a8fe1bb05d) Importer(815301076,1909f56bfc062723c751e8b465ee728b)
Start importing Assets/Prefabs/Hummer_gold.prefab using Guid(4e736b05157cba74086b11a8fe1bb05d) Importer(815301076,1909f56bfc062723c751e8b465ee728b)  -> (artifact id: '9d3d45abc74cee7fe79598c5ea10b5b7') in 0.187056 seconds
  Import took 0.194082 seconds .

========================================================================
Received Prepare
Registering precompiled user dll's ...
Registered in 0.001515 seconds.
Begin MonoManager ReloadAssembly
Native extension for WindowsStandalone target not found
Refreshing native plugins compatible for Editor in 0.65 ms, found 0 plugins.
Preloading 0 native plugins for Editor in 0.00 ms.
Invoked RoslynAnalysisRunner static constructor.
RoslynAnalysisRunner will not be running.
RoslynAnalysisRunner has terminated.
Mono: successfully reloaded assembly
- Completed reload, in  5.970 seconds
Platform modules already initialized, skipping
Switching build target platform(5) subTarget(0) extendedPlatform(0) -> platform(13) subTarget(537395200) extendedPlatform(0)
Refreshing native plugins compatible for Editor in 0.84 ms, found 0 plugins.
Preloading 0 native plugins for Editor in 0.00 ms.
Unloading 1122 Unused Serialized files (Serialized files now loaded: 0)
System memory in use before: 81.1 MB.
System memory in use after: 81.1 MB.

Unloading 5 unused Assets to reduce memory usage. Loaded Objects now: 1611.
Total: 17.542313 ms (FindLiveObjects: 3.330800 ms CreateObjectMapping: 0.917156 ms MarkObjects: 13.010802 ms  DeleteObjects: 0.201911 ms)

AssetImportParameters requested are different than current active one (requested -> active):
  custom:graphics/normal-map-encoding: 01000000000000000000000000000000 -> 02000000000000000000000000000000
========================================================================
Received Prepare
Registering precompiled user dll's ...
Registered in 0.003184 seconds.
Begin MonoManager ReloadAssembly
Native extension for WindowsStandalone target not found
Refreshing native plugins compatible for Editor in 0.59 ms, found 0 plugins.
Preloading 0 native plugins for Editor in 0.00 ms.
Invoked RoslynAnalysisRunner static constructor.
RoslynAnalysisRunner will not be running.
RoslynAnalysisRunner has terminated.
Mono: successfully reloaded assembly
- Completed reload, in  3.376 seconds
Platform modules already initialized, skipping
Switching build target platform(5) subTarget(0) extendedPlatform(0) -> platform(13) subTarget(537395200) extendedPlatform(0)
Refreshing native plugins compatible for Editor in 0.74 ms, found 0 plugins.
Preloading 0 native plugins for Editor in 0.00 ms.
Unloading 1122 Unused Serialized files (Serialized files now loaded: 0)
System memory in use before: 81.1 MB.
System memory in use after: 81.2 MB.

Unloading 5 unused Assets to reduce memory usage. Loaded Objects now: 1614.
Total: 5.104001 ms (FindLiveObjects: 0.502578 ms CreateObjectMapping: 0.112933 ms MarkObjects: 4.293423 ms  DeleteObjects: 0.187244 ms)

AssetImportParameters requested are different than current active one (requested -> active):
  custom:graphics/normal-map-encoding: 01000000000000000000000000000000 -> 02000000000000000000000000000000
========================================================================
Received Import Request.
  Time since last request: 306.882335 seconds.
  path: Assets/Prefabs/Hummer_gold.prefab
  artifactKey: Guid(4e736b05157cba74086b11a8fe1bb05d) Importer(815301076,1909f56bfc062723c751e8b465ee728b)
Start importing Assets/Prefabs/Hummer_gold.prefab using Guid(4e736b05157cba74086b11a8fe1bb05d) Importer(815301076,1909f56bfc062723c751e8b465ee728b)  -> (artifact id: 'f589c30c80d59bfa2a4f464eebae43c6') in 0.225726 seconds
  Import took 0.230603 seconds .

========================================================================
Received Prepare
Registering precompiled user dll's ...
Registered in 0.001296 seconds.
Begin MonoManager ReloadAssembly
Native extension for WindowsStandalone target not found
Refreshing native plugins compatible for Editor in 1.28 ms, found 0 plugins.
Preloading 0 native plugins for Editor in 0.00 ms.
Invoked RoslynAnalysisRunner static constructor.
RoslynAnalysisRunner will not be running.
RoslynAnalysisRunner has terminated.
Mono: successfully reloaded assembly
- Completed reload, in  5.189 seconds
Platform modules already initialized, skipping
Switching build target platform(5) subTarget(0) extendedPlatform(0) -> platform(13) subTarget(537395200) extendedPlatform(0)
Refreshing native plugins compatible for Editor in 0.62 ms, found 0 plugins.
Preloading 0 native plugins for Editor in 0.00 ms.
Unloading 1122 Unused Serialized files (Serialized files now loaded: 0)
System memory in use before: 81.1 MB.
System memory in use after: 81.2 MB.

Unloading 5 unused Assets to reduce memory usage. Loaded Objects now: 1618.
Total: 7.280045 ms (FindLiveObjects: 1.084845 ms CreateObjectMapping: 0.414089 ms MarkObjects: 5.392934 ms  DeleteObjects: 0.376933 ms)

AssetImportParameters requested are different than current active one (requested -> active):
  custom:graphics/normal-map-encoding: 01000000000000000000000000000000 -> 02000000000000000000000000000000
AssetImportWorkerClient::OnTransportError - code=2 error=End of file
